# JRE version: OpenJDK Runtime Environment (17.0.10) (build 17.0.10+0--11609105)
# Java VM: OpenJDK 64-Bit Server VM (17.0.10+0--11609105, mixed mode, tiered, compressed oops, compressed class ptrs, g1 gc, windows-amd64)
GC Precious Log:
 CPUs: 8 total, 8 available
 Memory: 15610M
 Large Page Support: Disabled
 NUMA Support: Disabled
 Compressed Oops: Enabled (32-bit)
 Heap Region Size: 1M
 Heap Min Capacity: 8M
 Heap Initial Capacity: 244M
 Heap Max Capacity: 2G
 Pre-touch: Disabled
 Parallel Workers: 8
 Concurrent Workers: 2
 Concurrent Refinement Workers: 8
 Periodic GC: Disabled
Heap:
 garbage-first heap   total 164864K, used 120546K [0x0000000080000000, 0x0000000100000000)
  region size 1024K, 65 young (66560K), 7 survivors (7168K)
 Metaspace       used 71112K, committed 71744K, reserved 1114112K
  class space    used 9625K, committed 9920K, reserved 1048576K
GC Heap History (20 events):
Event: 9.052 GC heap before
{Heap before GC invocations=6 (full 0):
 garbage-first heap   total 71680K, used 50657K [0x0000000080000000, 0x0000000100000000)
  region size 1024K, 30 young (30720K), 1 survivors (1024K)
 Metaspace       used 30575K, committed 30784K, reserved 1114112K
  class space    used 4070K, committed 4160K, reserved 1048576K
}
Event: 9.055 GC heap after
{Heap after GC invocations=7 (full 0):
 garbage-first heap   total 71680K, used 22412K [0x0000000080000000, 0x0000000100000000)
  region size 1024K, 2 young (2048K), 2 survivors (2048K)
 Metaspace       used 30575K, committed 30784K, reserved 1114112K
  class space    used 4070K, committed 4160K, reserved 1048576K
}
Event: 10.449 GC heap before
{Heap before GC invocations=7 (full 0):
 garbage-first heap   total 71680K, used 51084K [0x0000000080000000, 0x0000000100000000)
  region size 1024K, 31 young (31744K), 2 survivors (2048K)
 Metaspace       used 34259K, committed 34624K, reserved 1114112K
  class space    used 4669K, committed 4864K, reserved 1048576K
}
Event: 10.452 GC heap after
{Heap after GC invocations=8 (full 0):
 garbage-first heap   total 71680K, used 23761K [0x0000000080000000, 0x0000000100000000)
  region size 1024K, 4 young (4096K), 4 survivors (4096K)
 Metaspace       used 34259K, committed 34624K, reserved 1114112K
  class space    used 4669K, committed 4864K, reserved 1048576K
}
Event: 10.844 GC heap before
{Heap before GC invocations=8 (full 0):
 garbage-first heap   total 71680K, used 31953K [0x0000000080000000, 0x0000000100000000)
  region size 1024K, 13 young (13312K), 4 survivors (4096K)
 Metaspace       used 35637K, committed 35968K, reserved 1114112K
  class space    used 4856K, committed 4992K, reserved 1048576K
}
Event: 10.848 GC heap after
{Heap after GC invocations=9 (full 0):
 garbage-first heap   total 71680K, used 24116K [0x0000000080000000, 0x0000000100000000)
  region size 1024K, 2 young (2048K), 2 survivors (2048K)
 Metaspace       used 35637K, committed 35968K, reserved 1114112K
  class space    used 4856K, committed 4992K, reserved 1048576K
}
Event: 12.111 GC heap before
{Heap before GC invocations=10 (full 0):
 garbage-first heap   total 71680K, used 54836K [0x0000000080000000, 0x0000000100000000)
  region size 1024K, 33 young (33792K), 2 survivors (2048K)
 Metaspace       used 41311K, committed 41664K, reserved 1114112K
  class space    used 5470K, committed 5632K, reserved 1048576K
}
Event: 12.116 GC heap after
{Heap after GC invocations=11 (full 0):
 garbage-first heap   total 71680K, used 28120K [0x0000000080000000, 0x0000000100000000)
  region size 1024K, 5 young (5120K), 5 survivors (5120K)
 Metaspace       used 41311K, committed 41664K, reserved 1114112K
  class space    used 5470K, committed 5632K, reserved 1048576K
}
Event: 12.121 GC heap before
{Heap before GC invocations=11 (full 0):
 garbage-first heap   total 71680K, used 29144K [0x0000000080000000, 0x0000000100000000)
  region size 1024K, 6 young (6144K), 5 survivors (5120K)
 Metaspace       used 41311K, committed 41664K, reserved 1114112K
  class space    used 5470K, committed 5632K, reserved 1048576K
}
Event: 12.126 GC heap after
{Heap after GC invocations=12 (full 0):
 garbage-first heap   total 71680K, used 28332K [0x0000000080000000, 0x0000000100000000)
  region size 1024K, 1 young (1024K), 1 survivors (1024K)
 Metaspace       used 41311K, committed 41664K, reserved 1114112K
  class space    used 5470K, committed 5632K, reserved 1048576K
}
Event: 12.760 GC heap before
{Heap before GC invocations=12 (full 0):
 garbage-first heap   total 71680K, used 54956K [0x0000000080000000, 0x0000000100000000)
  region size 1024K, 27 young (27648K), 1 survivors (1024K)
 Metaspace       used 42417K, committed 42816K, reserved 1114112K
  class space    used 5647K, committed 5824K, reserved 1048576K
}
Event: 12.763 GC heap after
{Heap after GC invocations=13 (full 0):
 garbage-first heap   total 164864K, used 29346K [0x0000000080000000, 0x0000000100000000)
  region size 1024K, 2 young (2048K), 2 survivors (2048K)
 Metaspace       used 42417K, committed 42816K, reserved 1114112K
  class space    used 5647K, committed 5824K, reserved 1048576K
}
Event: 17.784 GC heap before
{Heap before GC invocations=13 (full 0):
 garbage-first heap   total 164864K, used 125602K [0x0000000080000000, 0x0000000100000000)
  region size 1024K, 95 young (97280K), 2 survivors (2048K)
 Metaspace       used 54700K, committed 55296K, reserved 1114112K
  class space    used 7513K, committed 7808K, reserved 1048576K
}
Event: 17.793 GC heap after
{Heap after GC invocations=14 (full 0):
 garbage-first heap   total 164864K, used 35040K [0x0000000080000000, 0x0000000100000000)
  region size 1024K, 8 young (8192K), 8 survivors (8192K)
 Metaspace       used 54700K, committed 55296K, reserved 1114112K
  class space    used 7513K, committed 7808K, reserved 1048576K
}
Event: 21.982 GC heap before
{Heap before GC invocations=14 (full 0):
 garbage-first heap   total 164864K, used 130272K [0x0000000080000000, 0x0000000100000000)
  region size 1024K, 94 young (96256K), 8 survivors (8192K)
 Metaspace       used 58613K, committed 59136K, reserved 1114112K
  class space    used 8007K, committed 8256K, reserved 1048576K
}
Event: 21.994 GC heap after
{Heap after GC invocations=15 (full 0):
 garbage-first heap   total 164864K, used 51426K [0x0000000080000000, 0x0000000100000000)
  region size 1024K, 12 young (12288K), 12 survivors (12288K)
 Metaspace       used 58613K, committed 59136K, reserved 1114112K
  class space    used 8007K, committed 8256K, reserved 1048576K
}
Event: 22.484 GC heap before
{Heap before GC invocations=15 (full 0):
 garbage-first heap   total 164864K, used 62690K [0x0000000080000000, 0x0000000100000000)
  region size 1024K, 24 young (24576K), 12 survivors (12288K)
 Metaspace       used 59581K, committed 60160K, reserved 1114112K
  class space    used 8134K, committed 8384K, reserved 1048576K
}
Event: 22.493 GC heap after
{Heap after GC invocations=16 (full 0):
 garbage-first heap   total 164864K, used 53517K [0x0000000080000000, 0x0000000100000000)
  region size 1024K, 2 young (2048K), 2 survivors (2048K)
 Metaspace       used 59581K, committed 60160K, reserved 1114112K
  class space    used 8134K, committed 8384K, reserved 1048576K
}
Event: 25.736 GC heap before
{Heap before GC invocations=17 (full 0):
 garbage-first heap   total 164864K, used 133389K [0x0000000080000000, 0x0000000100000000)
  region size 1024K, 76 young (77824K), 2 survivors (2048K)
 Metaspace       used 67107K, committed 67712K, reserved 1114112K
  class space    used 9097K, committed 9408K, reserved 1048576K
}
Event: 25.741 GC heap after
{Heap after GC invocations=18 (full 0):
 garbage-first heap   total 164864K, used 61154K [0x0000000080000000, 0x0000000100000000)
  region size 1024K, 7 young (7168K), 7 survivors (7168K)
 Metaspace       used 67107K, committed 67712K, reserved 1114112K
  class space    used 9097K, committed 9408K, reserved 1048576K
}

